running egg_info
creating ../build/paint_lidar/paint_lidar.egg-info
writing ../build/paint_lidar/paint_lidar.egg-info/PKG-INFO
writing dependency_links to ../build/paint_lidar/paint_lidar.egg-info/dependency_links.txt
writing entry points to ../build/paint_lidar/paint_lidar.egg-info/entry_points.txt
writing requirements to ../build/paint_lidar/paint_lidar.egg-info/requires.txt
writing top-level names to ../build/paint_lidar/paint_lidar.egg-info/top_level.txt
writing manifest file '../build/paint_lidar/paint_lidar.egg-info/SOURCES.txt'
reading manifest file '../build/paint_lidar/paint_lidar.egg-info/SOURCES.txt'
writing manifest file '../build/paint_lidar/paint_lidar.egg-info/SOURCES.txt'
running build
running build_py
creating /home/nik/ros2_ws/src/paint_river_volga/build/paint_lidar/build
creating /home/nik/ros2_ws/src/paint_river_volga/build/paint_lidar/build/lib
creating /home/nik/ros2_ws/src/paint_river_volga/build/paint_lidar/build/lib/paint_lidar
copying paint_lidar/action_service.py -> /home/nik/ros2_ws/src/paint_river_volga/build/paint_lidar/build/lib/paint_lidar
copying paint_lidar/servece_send_copy.py -> /home/nik/ros2_ws/src/paint_river_volga/build/paint_lidar/build/lib/paint_lidar
copying paint_lidar/paint_wall.py -> /home/nik/ros2_ws/src/paint_river_volga/build/paint_lidar/build/lib/paint_lidar
copying paint_lidar/servece_send.py -> /home/nik/ros2_ws/src/paint_river_volga/build/paint_lidar/build/lib/paint_lidar
creating /home/nik/ros2_ws/src/paint_river_volga/build/paint_lidar/build/lib/paint_lidar/lidar_utils
copying paint_lidar/lidar_utils/__init__.py -> /home/nik/ros2_ws/src/paint_river_volga/build/paint_lidar/build/lib/paint_lidar/lidar_utils
copying paint_lidar/lidar_utils/test_driver_laser.py -> /home/nik/ros2_ws/src/paint_river_volga/build/paint_lidar/build/lib/paint_lidar/lidar_utils
copying paint_lidar/lidar_utils/robot_move.py -> /home/nik/ros2_ws/src/paint_river_volga/build/paint_lidar/build/lib/paint_lidar/lidar_utils
creating /home/nik/ros2_ws/src/paint_river_volga/build/paint_lidar/build/lib/paint_lidar/lidar_utils/utils
copying paint_lidar/lidar_utils/utils/__init__.py -> /home/nik/ros2_ws/src/paint_river_volga/build/paint_lidar/build/lib/paint_lidar/lidar_utils/utils
copying paint_lidar/lidar_utils/utils/hokuyo.py -> /home/nik/ros2_ws/src/paint_river_volga/build/paint_lidar/build/lib/paint_lidar/lidar_utils/utils
copying paint_lidar/lidar_utils/utils/serial_ports.py -> /home/nik/ros2_ws/src/paint_river_volga/build/paint_lidar/build/lib/paint_lidar/lidar_utils/utils
creating /home/nik/ros2_ws/src/paint_river_volga/build/paint_lidar/build/lib/paint_lidar/manip_utils
copying paint_lidar/manip_utils/manip_send.py -> /home/nik/ros2_ws/src/paint_river_volga/build/paint_lidar/build/lib/paint_lidar/manip_utils
copying paint_lidar/manip_utils/__init__.py -> /home/nik/ros2_ws/src/paint_river_volga/build/paint_lidar/build/lib/paint_lidar/manip_utils
running install
running install_lib
creating /home/nik/ros2_ws/src/paint_river_volga/install/paint_lidar/lib/python3.10/site-packages/paint_lidar
creating /home/nik/ros2_ws/src/paint_river_volga/install/paint_lidar/lib/python3.10/site-packages/paint_lidar/manip_utils
copying /home/nik/ros2_ws/src/paint_river_volga/build/paint_lidar/build/lib/paint_lidar/manip_utils/manip_send.py -> /home/nik/ros2_ws/src/paint_river_volga/install/paint_lidar/lib/python3.10/site-packages/paint_lidar/manip_utils
copying /home/nik/ros2_ws/src/paint_river_volga/build/paint_lidar/build/lib/paint_lidar/manip_utils/__init__.py -> /home/nik/ros2_ws/src/paint_river_volga/install/paint_lidar/lib/python3.10/site-packages/paint_lidar/manip_utils
copying /home/nik/ros2_ws/src/paint_river_volga/build/paint_lidar/build/lib/paint_lidar/action_service.py -> /home/nik/ros2_ws/src/paint_river_volga/install/paint_lidar/lib/python3.10/site-packages/paint_lidar
copying /home/nik/ros2_ws/src/paint_river_volga/build/paint_lidar/build/lib/paint_lidar/servece_send_copy.py -> /home/nik/ros2_ws/src/paint_river_volga/install/paint_lidar/lib/python3.10/site-packages/paint_lidar
creating /home/nik/ros2_ws/src/paint_river_volga/install/paint_lidar/lib/python3.10/site-packages/paint_lidar/lidar_utils
copying /home/nik/ros2_ws/src/paint_river_volga/build/paint_lidar/build/lib/paint_lidar/lidar_utils/__init__.py -> /home/nik/ros2_ws/src/paint_river_volga/install/paint_lidar/lib/python3.10/site-packages/paint_lidar/lidar_utils
creating /home/nik/ros2_ws/src/paint_river_volga/install/paint_lidar/lib/python3.10/site-packages/paint_lidar/lidar_utils/utils
copying /home/nik/ros2_ws/src/paint_river_volga/build/paint_lidar/build/lib/paint_lidar/lidar_utils/utils/__init__.py -> /home/nik/ros2_ws/src/paint_river_volga/install/paint_lidar/lib/python3.10/site-packages/paint_lidar/lidar_utils/utils
copying /home/nik/ros2_ws/src/paint_river_volga/build/paint_lidar/build/lib/paint_lidar/lidar_utils/utils/hokuyo.py -> /home/nik/ros2_ws/src/paint_river_volga/install/paint_lidar/lib/python3.10/site-packages/paint_lidar/lidar_utils/utils
copying /home/nik/ros2_ws/src/paint_river_volga/build/paint_lidar/build/lib/paint_lidar/lidar_utils/utils/serial_ports.py -> /home/nik/ros2_ws/src/paint_river_volga/install/paint_lidar/lib/python3.10/site-packages/paint_lidar/lidar_utils/utils
copying /home/nik/ros2_ws/src/paint_river_volga/build/paint_lidar/build/lib/paint_lidar/lidar_utils/test_driver_laser.py -> /home/nik/ros2_ws/src/paint_river_volga/install/paint_lidar/lib/python3.10/site-packages/paint_lidar/lidar_utils
copying /home/nik/ros2_ws/src/paint_river_volga/build/paint_lidar/build/lib/paint_lidar/lidar_utils/robot_move.py -> /home/nik/ros2_ws/src/paint_river_volga/install/paint_lidar/lib/python3.10/site-packages/paint_lidar/lidar_utils
copying /home/nik/ros2_ws/src/paint_river_volga/build/paint_lidar/build/lib/paint_lidar/paint_wall.py -> /home/nik/ros2_ws/src/paint_river_volga/install/paint_lidar/lib/python3.10/site-packages/paint_lidar
copying /home/nik/ros2_ws/src/paint_river_volga/build/paint_lidar/build/lib/paint_lidar/servece_send.py -> /home/nik/ros2_ws/src/paint_river_volga/install/paint_lidar/lib/python3.10/site-packages/paint_lidar
byte-compiling /home/nik/ros2_ws/src/paint_river_volga/install/paint_lidar/lib/python3.10/site-packages/paint_lidar/manip_utils/manip_send.py to manip_send.cpython-310.pyc
byte-compiling /home/nik/ros2_ws/src/paint_river_volga/install/paint_lidar/lib/python3.10/site-packages/paint_lidar/manip_utils/__init__.py to __init__.cpython-310.pyc
byte-compiling /home/nik/ros2_ws/src/paint_river_volga/install/paint_lidar/lib/python3.10/site-packages/paint_lidar/action_service.py to action_service.cpython-310.pyc
byte-compiling /home/nik/ros2_ws/src/paint_river_volga/install/paint_lidar/lib/python3.10/site-packages/paint_lidar/servece_send_copy.py to servece_send_copy.cpython-310.pyc
byte-compiling /home/nik/ros2_ws/src/paint_river_volga/install/paint_lidar/lib/python3.10/site-packages/paint_lidar/lidar_utils/__init__.py to __init__.cpython-310.pyc
byte-compiling /home/nik/ros2_ws/src/paint_river_volga/install/paint_lidar/lib/python3.10/site-packages/paint_lidar/lidar_utils/utils/__init__.py to __init__.cpython-310.pyc
byte-compiling /home/nik/ros2_ws/src/paint_river_volga/install/paint_lidar/lib/python3.10/site-packages/paint_lidar/lidar_utils/utils/hokuyo.py to hokuyo.cpython-310.pyc
byte-compiling /home/nik/ros2_ws/src/paint_river_volga/install/paint_lidar/lib/python3.10/site-packages/paint_lidar/lidar_utils/utils/serial_ports.py to serial_ports.cpython-310.pyc
byte-compiling /home/nik/ros2_ws/src/paint_river_volga/install/paint_lidar/lib/python3.10/site-packages/paint_lidar/lidar_utils/test_driver_laser.py to test_driver_laser.cpython-310.pyc
byte-compiling /home/nik/ros2_ws/src/paint_river_volga/install/paint_lidar/lib/python3.10/site-packages/paint_lidar/lidar_utils/robot_move.py to robot_move.cpython-310.pyc
byte-compiling /home/nik/ros2_ws/src/paint_river_volga/install/paint_lidar/lib/python3.10/site-packages/paint_lidar/paint_wall.py to paint_wall.cpython-310.pyc
byte-compiling /home/nik/ros2_ws/src/paint_river_volga/install/paint_lidar/lib/python3.10/site-packages/paint_lidar/servece_send.py to servece_send.cpython-310.pyc
running install_data
creating /home/nik/ros2_ws/src/paint_river_volga/install/paint_lidar/share/ament_index
creating /home/nik/ros2_ws/src/paint_river_volga/install/paint_lidar/share/ament_index/resource_index
creating /home/nik/ros2_ws/src/paint_river_volga/install/paint_lidar/share/ament_index/resource_index/packages
copying resource/paint_lidar -> /home/nik/ros2_ws/src/paint_river_volga/install/paint_lidar/share/ament_index/resource_index/packages
copying package.xml -> /home/nik/ros2_ws/src/paint_river_volga/install/paint_lidar/share/paint_lidar
running install_egg_info
Copying ../build/paint_lidar/paint_lidar.egg-info to /home/nik/ros2_ws/src/paint_river_volga/install/paint_lidar/lib/python3.10/site-packages/paint_lidar-0.0.0-py3.10.egg-info
running install_scripts
Installing cliente script to /home/nik/ros2_ws/src/paint_river_volga/install/paint_lidar/lib/paint_lidar
Installing fibonacci_action_client script to /home/nik/ros2_ws/src/paint_river_volga/install/paint_lidar/lib/paint_lidar
Installing fibonacci_action_service script to /home/nik/ros2_ws/src/paint_river_volga/install/paint_lidar/lib/paint_lidar
Installing paint_wall script to /home/nik/ros2_ws/src/paint_river_volga/install/paint_lidar/lib/paint_lidar
writing list of installed files to '/home/nik/ros2_ws/src/paint_river_volga/build/paint_lidar/install.log'
