running egg_info
creating ../build/global_way/global_way.egg-info
writing ../build/global_way/global_way.egg-info/PKG-INFO
writing dependency_links to ../build/global_way/global_way.egg-info/dependency_links.txt
writing entry points to ../build/global_way/global_way.egg-info/entry_points.txt
writing requirements to ../build/global_way/global_way.egg-info/requires.txt
writing top-level names to ../build/global_way/global_way.egg-info/top_level.txt
writing manifest file '../build/global_way/global_way.egg-info/SOURCES.txt'
reading manifest file '../build/global_way/global_way.egg-info/SOURCES.txt'
writing manifest file '../build/global_way/global_way.egg-info/SOURCES.txt'
running build
running build_py
creating /home/nik/ros2_ws/src/paint_river_volga/build/global_way/build
creating /home/nik/ros2_ws/src/paint_river_volga/build/global_way/build/lib
creating /home/nik/ros2_ws/src/paint_river_volga/build/global_way/build/lib/global_way
copying global_way/select_position.py -> /home/nik/ros2_ws/src/paint_river_volga/build/global_way/build/lib/global_way
copying global_way/__init__.py -> /home/nik/ros2_ws/src/paint_river_volga/build/global_way/build/lib/global_way
copying global_way/tf_creator.py -> /home/nik/ros2_ws/src/paint_river_volga/build/global_way/build/lib/global_way
running install
running install_lib
creating /home/nik/ros2_ws/src/paint_river_volga/install/global_way/lib/python3.10/site-packages/global_way
copying /home/nik/ros2_ws/src/paint_river_volga/build/global_way/build/lib/global_way/select_position.py -> /home/nik/ros2_ws/src/paint_river_volga/install/global_way/lib/python3.10/site-packages/global_way
copying /home/nik/ros2_ws/src/paint_river_volga/build/global_way/build/lib/global_way/__init__.py -> /home/nik/ros2_ws/src/paint_river_volga/install/global_way/lib/python3.10/site-packages/global_way
copying /home/nik/ros2_ws/src/paint_river_volga/build/global_way/build/lib/global_way/tf_creator.py -> /home/nik/ros2_ws/src/paint_river_volga/install/global_way/lib/python3.10/site-packages/global_way
byte-compiling /home/nik/ros2_ws/src/paint_river_volga/install/global_way/lib/python3.10/site-packages/global_way/select_position.py to select_position.cpython-310.pyc
byte-compiling /home/nik/ros2_ws/src/paint_river_volga/install/global_way/lib/python3.10/site-packages/global_way/__init__.py to __init__.cpython-310.pyc
byte-compiling /home/nik/ros2_ws/src/paint_river_volga/install/global_way/lib/python3.10/site-packages/global_way/tf_creator.py to tf_creator.cpython-310.pyc
running install_data
creating /home/nik/ros2_ws/src/paint_river_volga/install/global_way/share/ament_index
creating /home/nik/ros2_ws/src/paint_river_volga/install/global_way/share/ament_index/resource_index
creating /home/nik/ros2_ws/src/paint_river_volga/install/global_way/share/ament_index/resource_index/packages
copying resource/global_way -> /home/nik/ros2_ws/src/paint_river_volga/install/global_way/share/ament_index/resource_index/packages
copying package.xml -> /home/nik/ros2_ws/src/paint_river_volga/install/global_way/share/global_way
running install_egg_info
Copying ../build/global_way/global_way.egg-info to /home/nik/ros2_ws/src/paint_river_volga/install/global_way/lib/python3.10/site-packages/global_way-0.0.0-py3.10.egg-info
running install_scripts
Installing tf_creator script to /home/nik/ros2_ws/src/paint_river_volga/install/global_way/lib/global_way
writing list of installed files to '/home/nik/ros2_ws/src/paint_river_volga/build/global_way/install.log'
